SF:lib/core/utils/validators.dart
DA:6,2
DA:7,2
DA:11,4
DA:16,2
DA:20,2
DA:25,2
DA:33,2
DA:34,2
DA:38,4
DA:43,4
DA:48,4
DA:53,4
DA:58,4
DA:66,2
DA:67,2
DA:71,2
DA:79,2
DA:80,2
DA:84,6
DA:88,4
DA:93,2
DA:94,2
DA:99,6
DA:100,4
DA:108,1
DA:109,2
DA:110,1
DA:116,1
DA:117,2
DA:121,3
DA:125,2
DA:133,1
DA:137,2
DA:138,1
DA:149,1
DA:150,2
DA:151,2
DA:156,1
DA:157,2
DA:158,2
DA:163,1
DA:164,2
DA:165,2
DA:170,1
DA:171,2
DA:172,2
LF:46
LH:46
end_of_record
SF:lib/data/services/api_service.dart
DA:12,6
DA:14,1
DA:16,5
DA:20,5
DA:21,0
DA:27,5
DA:31,2
DA:36,9
DA:37,6
DA:38,3
DA:44,2
DA:46,4
DA:48,2
DA:49,2
DA:50,2
DA:53,2
DA:56,4
DA:57,2
DA:60,6
DA:62,2
DA:66,2
DA:67,2
DA:68,4
DA:70,2
DA:72,0
DA:75,4
DA:82,2
DA:88,2
DA:90,2
DA:91,4
DA:93,2
DA:94,2
DA:95,2
DA:96,2
DA:97,2
DA:98,2
DA:99,0
DA:102,2
DA:104,1
DA:106,2
DA:111,1
DA:117,1
DA:118,1
DA:119,1
DA:120,1
DA:121,1
DA:122,1
DA:123,0
DA:125,1
DA:127,1
DA:129,0
DA:131,1
DA:136,1
DA:137,4
DA:138,0
DA:139,0
DA:143,0
DA:147,0
DA:148,0
DA:149,0
DA:150,0
DA:151,0
DA:152,0
DA:162,2
DA:164,0
DA:169,2
DA:174,3
DA:175,3
DA:177,4
DA:178,4
DA:182,0
DA:186,0
DA:190,3
DA:198,3
DA:200,3
DA:202,3
DA:205,3
DA:206,2
DA:207,2
DA:211,2
DA:216,2
DA:217,0
DA:221,0
DA:225,2
DA:234,4
DA:235,2
DA:240,2
DA:241,2
DA:242,2
DA:243,2
DA:244,2
DA:245,2
DA:250,2
DA:255,0
DA:259,2
DA:263,2
DA:266,0
DA:271,0
DA:280,1
DA:281,2
DA:285,2
DA:287,0
DA:292,0
DA:294,0
DA:301,0
DA:305,0
DA:313,3
DA:314,6
LF:108
LH:81
end_of_record
SF:lib/data/models/pixabay_image.dart
DA:28,1
DA:54,1
DA:55,1
DA:56,1
DA:57,1
DA:58,1
DA:59,1
DA:60,1
DA:61,1
DA:62,1
DA:63,1
DA:64,1
DA:65,1
DA:66,1
DA:67,1
DA:68,1
DA:69,1
DA:70,1
DA:71,1
DA:72,1
DA:73,1
DA:74,1
DA:75,1
DA:76,1
DA:77,1
DA:82,0
DA:83,0
DA:84,0
DA:85,0
DA:86,0
DA:87,0
DA:88,0
DA:89,0
DA:90,0
DA:91,0
DA:92,0
DA:93,0
DA:94,0
DA:95,0
DA:96,0
DA:97,0
DA:98,0
DA:99,0
DA:100,0
DA:101,0
DA:102,0
DA:103,0
DA:104,0
DA:105,0
DA:110,0
DA:111,0
DA:112,0
DA:116,0
DA:117,0
DA:119,0
DA:120,0
DA:121,0
DA:123,0
DA:127,0
DA:128,0
DA:129,0
DA:130,0
DA:132,0
DA:136,0
DA:137,0
DA:138,0
DA:139,0
DA:141,0
DA:145,0
DA:146,0
DA:147,0
DA:151,0
DA:152,0
DA:153,0
DA:155,0
DA:158,0
DA:159,0
DA:160,0
DA:161,0
DA:162,0
DA:163,0
DA:164,0
DA:165,0
DA:166,0
DA:167,0
DA:168,0
DA:169,0
DA:170,0
DA:171,0
DA:172,0
DA:173,0
DA:174,0
DA:175,0
DA:176,0
DA:177,0
DA:178,0
DA:179,0
DA:180,0
DA:181,0
DA:184,0
DA:186,0
DA:190,0
DA:214,0
DA:215,0
DA:216,0
DA:217,0
DA:218,0
DA:219,0
DA:220,0
DA:221,0
DA:222,0
DA:223,0
DA:224,0
DA:225,0
DA:226,0
DA:227,0
DA:228,0
DA:229,0
DA:230,0
DA:231,0
DA:232,0
DA:233,0
DA:234,0
DA:235,0
DA:236,0
DA:247,0
DA:253,0
DA:254,0
DA:256,0
DA:257,0
DA:258,0
DA:259,0
DA:263,0
DA:264,0
DA:265,0
DA:266,0
DA:267,0
DA:271,0
DA:272,0
DA:274,0
DA:276,0
LF:141
LH:25
end_of_record
SF:lib/data/models/user_profile.dart
DA:11,6
DA:20,0
DA:21,0
DA:22,0
DA:23,0
DA:24,0
DA:25,0
DA:26,0
DA:31,2
DA:32,2
DA:33,4
DA:34,4
DA:35,4
DA:36,4
DA:37,4
DA:42,1
DA:43,1
DA:46,4
DA:52,0
DA:53,0
DA:54,0
DA:58,0
DA:59,0
DA:60,0
DA:61,0
DA:67,0
DA:68,0
DA:69,0
DA:71,0
DA:72,0
DA:75,0
DA:76,0
DA:80,0
DA:81,0
DA:82,0
DA:83,0
DA:84,0
DA:85,0
DA:86,0
DA:89,0
DA:90,0
DA:94,0
DA:97,0
DA:99,0
DA:100,0
DA:101,0
DA:102,0
DA:103,0
DA:106,0
DA:107,0
DA:109,0
DA:111,0
DA:115,0
DA:122,0
DA:123,0
DA:124,0
DA:125,0
DA:126,0
DA:127,0
DA:147,0
DA:154,0
DA:155,0
DA:156,0
DA:157,0
DA:158,0
DA:159,0
DA:163,0
DA:164,0
DA:167,0
DA:168,0
DA:170,0
DA:172,0
DA:185,5
DA:192,1
DA:199,1
DA:205,1
DA:206,1
DA:207,1
DA:209,1
DA:213,0
DA:214,0
DA:216,0
DA:218,0
LF:83
LH:18
end_of_record
SF:lib/core/utils/responsive_helper.dart
DA:7,3
DA:8,12
DA:11,3
DA:12,9
DA:13,3
DA:14,3
DA:17,3
DA:18,12
DA:21,1
DA:22,4
DA:26,1
DA:27,2
DA:30,1
DA:31,3
DA:34,1
DA:35,3
DA:39,2
DA:45,2
DA:47,2
DA:55,1
DA:56,1
DA:65,1
DA:66,1
DA:75,1
DA:76,1
DA:85,0
DA:91,0
DA:94,0
DA:95,0
DA:100,0
DA:106,0
DA:109,0
DA:110,0
DA:115,1
DA:116,1
DA:120,1
DA:121,1
DA:125,0
DA:126,0
DA:134,0
DA:135,0
DA:136,0
DA:137,0
DA:140,0
DA:145,0
DA:146,0
DA:155,0
DA:156,0
DA:158,0
DA:160,0
DA:165,0
DA:166,0
DA:169,0
DA:170,0
DA:175,0
DA:176,0
DA:194,0
DA:195,0
DA:204,0
DA:205,0
DA:216,0
DA:217,0
DA:218,0
DA:219,0
DA:221,0
DA:222,0
DA:223,0
DA:225,0
DA:226,0
DA:228,0
DA:229,0
DA:231,0
DA:232,0
DA:233,0
LF:74
LH:29
end_of_record
SF:lib/presentation/providers/image_provider.dart
DA:22,4
DA:23,2
DA:24,4
DA:25,2
DA:26,3
DA:27,4
DA:28,2
DA:29,2
DA:32,2
DA:33,2
DA:36,2
DA:39,2
DA:40,2
DA:41,2
DA:44,4
DA:45,2
DA:50,0
DA:52,0
DA:55,0
DA:57,2
DA:59,1
DA:60,1
DA:65,1
DA:66,1
DA:68,2
DA:69,1
DA:73,0
DA:74,0
DA:75,0
DA:76,0
DA:79,0
DA:80,0
DA:81,0
DA:84,0
DA:86,0
DA:90,0
DA:91,0
DA:93,0
DA:96,0
DA:97,0
DA:99,0
DA:101,0
DA:102,0
DA:107,1
DA:108,2
DA:109,0
DA:114,1
DA:115,2
DA:116,1
DA:117,1
DA:118,1
DA:119,1
DA:120,1
DA:124,1
DA:125,1
DA:126,1
DA:130,1
DA:131,1
DA:132,1
DA:133,0
DA:141,1
DA:142,2
DA:143,1
DA:144,2
DA:145,0
DA:149,2
DA:151,4
DA:152,2
DA:162,2
DA:163,4
DA:164,4
DA:165,4
DA:168,1
DA:169,3
DA:170,1
DA:173,2
DA:175,0
DA:177,0
DA:181,0
DA:183,0
DA:184,0
DA:189,0
DA:193,1
DA:194,3
DA:195,1
DA:199,1
DA:200,2
DA:201,1
DA:205,1
DA:206,3
DA:210,1
DA:213,1
DA:215,2
DA:216,1
LF:94
LH:65
end_of_record
SF:lib/presentation/widgets/main_layout.dart
DA:13,2
DA:19,2
DA:20,2
DA:26,2
DA:28,2
DA:29,2
DA:30,2
DA:32,2
DA:33,2
DA:34,1
DA:35,2
DA:36,2
DA:38,2
DA:41,2
DA:42,2
DA:43,2
DA:45,2
DA:48,6
DA:57,2
DA:58,2
DA:60,2
DA:62,4
DA:64,2
DA:65,2
DA:67,1
DA:68,1
DA:70,4
DA:76,2
DA:77,6
DA:78,2
DA:80,6
DA:84,2
DA:86,2
DA:92,2
DA:93,2
DA:95,2
DA:96,6
DA:97,2
DA:98,2
DA:99,8
DA:104,2
DA:106,2
DA:108,2
DA:111,4
DA:114,2
DA:120,1
DA:121,1
DA:122,1
DA:123,1
DA:125,1
DA:126,1
DA:127,3
DA:129,1
DA:131,1
DA:132,1
DA:135,3
DA:138,1
DA:140,4
DA:141,3
DA:150,2
DA:153,1
DA:155,1
DA:157,1
DA:158,1
DA:160,3
DA:162,1
DA:171,2
DA:172,2
DA:174,2
DA:175,2
DA:176,2
DA:179,6
DA:182,2
DA:183,2
DA:185,2
DA:186,2
DA:188,2
DA:190,6
DA:192,2
DA:194,8
DA:195,2
DA:197,6
DA:208,2
DA:209,2
DA:214,2
DA:215,2
DA:220,6
DA:223,2
DA:228,6
DA:231,2
DA:236,6
DA:242,2
DA:249,2
DA:250,2
DA:253,6
DA:254,8
DA:256,2
DA:258,8
DA:261,6
DA:262,6
DA:266,2
DA:268,6
DA:269,2
DA:270,2
DA:272,0
DA:273,0
DA:274,0
DA:277,0
DA:278,0
DA:285,2
DA:286,2
DA:288,2
DA:289,2
DA:290,2
DA:291,8
DA:296,2
DA:298,2
DA:299,2
DA:301,8
DA:302,2
DA:304,6
DA:307,2
DA:313,2
DA:314,2
DA:315,2
DA:316,2
DA:317,2
DA:318,2
DA:320,2
DA:321,2
DA:327,2
DA:329,2
DA:331,1
DA:333,1
LF:134
LH:129
end_of_record
SF:lib/presentation/providers/theme_provider.dart
DA:9,6
DA:11,9
DA:13,3
DA:14,3
DA:17,2
DA:18,6
DA:21,2
DA:22,2
DA:25,1
DA:26,2
DA:27,1
DA:28,1
DA:29,1
DA:33,1
DA:34,1
DA:37,1
DA:38,1
DA:41,1
DA:42,1
DA:45,3
DA:47,3
DA:48,2
DA:51,2
DA:52,3
DA:53,0
DA:55,1
DA:59,0
DA:63,2
DA:65,2
DA:66,6
DA:69,0
LF:31
LH:28
end_of_record
SF:lib/main.dart
DA:14,0
DA:15,0
DA:19,2
DA:21,1
DA:23,1
DA:24,1
DA:25,3
DA:26,1
DA:27,3
DA:28,1
DA:30,1
DA:31,1
DA:32,1
DA:35,1
DA:36,1
DA:37,1
DA:38,1
DA:47,3
DA:49,1
DA:50,1
DA:53,1
DA:55,1
DA:58,0
DA:60,1
DA:63,0
LF:25
LH:21
end_of_record
SF:lib/core/theme/app_colors.dart
DA:113,0
DA:115,0
DA:116,0
DA:117,0
DA:118,0
DA:119,0
DA:120,0
DA:121,0
DA:122,0
DA:123,0
DA:124,0
DA:125,0
LF:12
LH:0
end_of_record
SF:lib/core/theme/app_theme.dart
DA:7,1
DA:8,1
DA:46,1
DA:50,2
DA:52,1
DA:53,1
DA:56,2
DA:60,1
DA:61,1
DA:62,2
DA:66,1
DA:67,1
DA:68,2
DA:72,1
DA:75,1
DA:76,1
DA:79,1
DA:80,1
DA:83,1
DA:84,1
DA:87,1
DA:88,1
DA:91,1
DA:92,1
DA:130,1
DA:131,1
DA:169,1
DA:173,2
DA:175,1
DA:176,1
DA:179,2
DA:183,1
DA:184,1
DA:185,2
DA:189,1
DA:190,1
DA:191,2
DA:195,1
DA:198,1
DA:199,1
DA:202,1
DA:203,1
DA:206,1
DA:207,1
DA:210,1
DA:211,1
DA:214,1
DA:215,1
DA:319,0
DA:320,0
DA:321,0
DA:322,0
DA:323,0
LF:53
LH:48
end_of_record
SF:lib/presentation/providers/app_provider.dart
DA:11,0
DA:12,0
DA:13,0
DA:16,0
DA:17,0
DA:18,0
DA:19,0
DA:23,0
DA:24,0
DA:28,0
DA:29,0
DA:30,0
DA:31,0
DA:36,0
DA:37,0
DA:38,0
DA:39,0
DA:43,0
DA:44,0
DA:48,0
DA:49,0
DA:50,0
DA:51,0
DA:55,0
DA:56,0
DA:57,0
DA:58,0
DA:59,0
LF:28
LH:0
end_of_record
SF:lib/presentation/pages/dashboard_page.dart
DA:10,1
DA:12,1
DA:13,1
DA:17,1
DA:19,1
DA:20,3
DA:21,3
DA:25,1
DA:27,1
DA:29,1
DA:33,1
DA:34,1
DA:35,1
DA:36,1
DA:37,0
DA:41,1
DA:42,2
DA:43,1
DA:46,1
DA:47,0
DA:48,1
DA:50,1
DA:52,1
DA:54,1
DA:58,1
DA:67,1
DA:68,1
DA:70,1
DA:71,1
DA:73,4
DA:75,1
DA:84,1
DA:86,4
DA:87,1
DA:89,3
DA:90,1
DA:102,1
DA:106,2
DA:110,0
DA:112,0
DA:115,0
DA:117,0
DA:123,0
DA:129,0
DA:136,0
DA:137,0
DA:138,0
DA:139,0
DA:144,0
DA:145,0
DA:148,0
DA:149,0
DA:151,0
DA:153,0
DA:155,0
DA:157,0
DA:159,0
DA:160,0
DA:162,0
DA:163,0
DA:165,0
DA:167,0
DA:168,0
DA:169,0
DA:170,0
DA:171,0
DA:176,0
DA:186,0
DA:188,0
DA:189,0
DA:190,0
DA:197,0
DA:199,0
DA:201,0
DA:202,0
DA:203,0
DA:212,0
DA:213,0
DA:214,0
DA:217,0
DA:220,0
DA:225,0
DA:226,0
DA:228,0
DA:229,0
DA:233,0
DA:234,0
DA:235,0
DA:236,0
DA:237,0
DA:239,0
DA:244,0
DA:250,0
DA:251,0
DA:252,0
DA:255,0
DA:258,0
DA:259,0
DA:260,0
DA:263,0
DA:266,0
DA:268,0
DA:271,0
DA:272,0
DA:273,0
DA:286,1
DA:287,1
DA:288,1
DA:290,1
DA:291,1
DA:294,3
DA:297,1
DA:299,3
DA:302,1
DA:303,1
DA:304,4
DA:305,1
DA:307,3
DA:312,1
DA:313,0
LF:120
LH:50
end_of_record
SF:lib/presentation/pages/gallery_page.dart
DA:10,1
DA:12,0
DA:13,0
DA:20,0
DA:22,0
DA:23,0
DA:24,0
DA:27,0
DA:29,0
DA:31,0
DA:35,0
DA:36,0
DA:37,0
DA:39,0
DA:42,0
DA:47,0
DA:48,0
DA:50,0
DA:51,0
DA:52,0
DA:53,0
DA:54,0
DA:59,0
DA:61,0
DA:62,0
DA:64,0
DA:66,0
DA:75,0
DA:77,0
DA:78,0
DA:80,0
DA:81,0
DA:90,0
DA:96,0
DA:97,0
DA:98,0
DA:99,0
DA:100,0
DA:101,0
DA:102,0
DA:105,0
DA:106,0
DA:108,0
DA:109,0
DA:110,0
DA:114,0
DA:115,0
DA:120,0
DA:121,0
DA:122,0
DA:123,0
DA:131,0
DA:132,0
DA:133,0
DA:134,0
DA:135,0
DA:138,0
DA:142,0
DA:143,0
DA:146,0
DA:147,0
DA:150,0
DA:155,0
DA:156,0
DA:157,0
DA:159,0
DA:160,0
DA:163,0
DA:165,0
DA:168,0
DA:170,0
DA:171,0
DA:173,0
DA:177,0
DA:179,0
DA:180,0
DA:182,0
DA:191,0
DA:192,0
DA:194,0
DA:195,0
DA:196,0
DA:197,0
DA:198,0
DA:199,0
DA:203,0
DA:204,0
DA:205,0
DA:207,0
DA:208,0
DA:209,0
DA:210,0
DA:211,0
DA:212,0
DA:217,0
DA:218,0
DA:219,0
DA:220,0
DA:222,0
DA:231,0
DA:236,0
DA:237,0
DA:241,0
DA:242,0
DA:253,0
DA:254,0
DA:256,0
DA:257,0
DA:259,0
DA:265,0
DA:271,0
DA:278,0
DA:279,0
DA:280,0
DA:281,0
DA:285,0
DA:286,0
DA:287,0
DA:288,0
DA:289,0
DA:291,0
DA:293,0
DA:297,0
DA:298,0
DA:301,0
DA:302,0
DA:304,0
DA:306,0
DA:308,0
DA:310,0
DA:312,0
DA:313,0
DA:315,0
DA:316,0
DA:318,0
DA:320,0
DA:321,0
DA:322,0
DA:323,0
DA:324,0
DA:329,0
DA:339,0
DA:341,0
DA:343,0
DA:345,0
DA:347,0
DA:348,0
DA:349,0
DA:358,0
DA:359,0
DA:360,0
DA:361,0
DA:362,0
DA:363,0
DA:365,0
DA:374,0
DA:375,0
DA:376,0
DA:379,0
DA:382,0
DA:383,0
DA:384,0
DA:387,0
DA:390,0
DA:392,0
DA:395,0
DA:396,0
DA:397,0
DA:410,0
DA:411,0
DA:414,0
DA:415,0
DA:417,0
DA:418,0
DA:420,0
DA:423,0
DA:424,0
DA:426,0
DA:427,0
DA:429,0
DA:433,0
DA:440,0
DA:441,0
DA:443,0
DA:445,0
DA:447,0
DA:448,0
DA:449,0
DA:456,0
DA:457,0
DA:458,0
DA:459,0
DA:460,0
DA:462,0
DA:471,0
DA:472,0
DA:473,0
DA:476,0
DA:479,0
DA:480,0
DA:481,0
DA:484,0
DA:487,0
DA:489,0
DA:492,0
DA:493,0
DA:494,0
DA:507,0
DA:508,0
DA:509,0
DA:511,0
DA:512,0
DA:515,0
DA:518,0
DA:520,0
DA:523,0
DA:524,0
DA:525,0
DA:526,0
DA:528,0
DA:533,0
DA:534,0
DA:535,0
DA:536,0
DA:537,0
DA:550,0
DA:551,0
DA:552,0
DA:554,0
DA:555,0
DA:558,0
DA:560,0
DA:563,0
DA:565,0
DA:568,0
DA:569,0
DA:570,0
DA:571,0
DA:573,0
LF:239
LH:1
end_of_record
SF:lib/presentation/pages/profile_page.dart
DA:13,1
DA:15,0
DA:16,0
DA:30,0
DA:32,0
DA:33,0
DA:34,0
DA:35,0
DA:36,0
DA:39,0
DA:41,0
DA:43,0
DA:47,0
DA:48,0
DA:49,0
DA:50,0
DA:57,0
DA:58,0
DA:59,0
DA:60,0
DA:67,0
DA:69,0
DA:71,0
DA:73,0
DA:75,0
DA:84,0
DA:86,0
DA:87,0
DA:89,0
DA:95,0
DA:103,0
DA:104,0
DA:105,0
DA:106,0
DA:107,0
DA:108,0
DA:110,0
DA:111,0
DA:115,0
DA:117,0
DA:119,0
DA:121,0
DA:122,0
DA:124,0
DA:126,0
DA:127,0
DA:128,0
DA:129,0
DA:130,0
DA:131,0
DA:132,0
DA:134,0
DA:138,0
DA:141,0
DA:148,0
DA:149,0
DA:157,0
DA:162,0
DA:163,0
DA:172,0
DA:177,0
DA:178,0
DA:184,0
DA:185,0
DA:187,0
DA:188,0
DA:190,0
DA:193,0
DA:194,0
DA:196,0
DA:197,0
DA:199,0
DA:202,0
DA:203,0
DA:212,0
DA:213,0
DA:214,0
DA:215,0
DA:219,0
DA:220,0
DA:221,0
DA:225,0
DA:226,0
DA:227,0
DA:234,0
DA:239,0
DA:240,0
DA:241,0
DA:242,0
DA:246,0
DA:247,0
DA:248,0
DA:252,0
DA:253,0
DA:254,0
DA:260,0
DA:262,0
DA:264,0
DA:269,0
DA:271,0
DA:272,0
DA:273,0
DA:280,0
DA:281,0
DA:283,0
DA:284,0
DA:285,0
DA:294,0
DA:296,0
DA:298,0
DA:299,0
DA:300,0
DA:304,0
DA:305,0
DA:306,0
DA:308,0
DA:311,0
DA:312,0
DA:313,0
DA:315,0
DA:316,0
DA:317,0
DA:321,0
DA:323,0
DA:324,0
DA:331,0
DA:333,0
DA:335,0
DA:336,0
DA:337,0
DA:340,0
DA:342,0
DA:343,0
DA:344,0
DA:346,0
DA:349,0
DA:350,0
DA:352,0
DA:353,0
DA:355,0
DA:356,0
DA:357,0
DA:361,0
DA:365,0
DA:366,0
DA:367,0
DA:368,0
DA:369,0
DA:389,0
DA:390,0
DA:391,0
DA:392,0
DA:393,0
DA:394,0
DA:397,0
DA:400,0
DA:401,0
DA:402,0
DA:403,0
DA:404,0
DA:405,0
DA:406,0
DA:409,0
DA:413,0
DA:414,0
DA:415,0
LF:166
LH:1
end_of_record
